# This is the CMakeCache file.
# For build in directory: /Users/onnimonni/Projects/faiss/duckdb-lancedb/build/release
# It was generated by CMake: /nix/store/3m9pbzqgkm0zijfjjvksh8glz2r95dvi-cmake-4.1.2/bin/cmake
# You can edit this file to change values found and used by cmake.
# If you do not want to change any of the values, simply exit the editor.
# If you do want to change a value, simply edit, save, and exit the editor.
# The syntax for the file is as follows:
# KEY:TYPE=VALUE
# KEY is the name of a variable in the cache.
# TYPE is a hint to GUIs for the type of VALUE, DO NOT EDIT TYPE!.
# VALUE is the current value for the KEY.

########################
# EXTERNAL cache entries
########################

//No help, variable specified on the command line.
BENCHMARK_ROOT_DIRECTORY:UNINITIALIZED=/Users/onnimonni/Projects/faiss/duckdb-lancedb/

//No help, variable specified on the command line.
BUILD_EXTENSION_TEST_DEPS:UNINITIALIZED=default

//No help, variable specified on the command line.
CMAKE_BUILD_TYPE:UNINITIALIZED=Release

//Value Computed by CMake.
CMAKE_FIND_PACKAGE_REDIRECTS_DIR:STATIC=/Users/onnimonni/Projects/faiss/duckdb-lancedb/build/release/CMakeFiles/pkgRedirects

//Program used to build from build.ninja files.
CMAKE_MAKE_PROGRAM:FILEPATH=CMAKE_MAKE_PROGRAM-NOTFOUND

//Value Computed by CMake
CMAKE_PROJECT_COMPAT_VERSION:STATIC=

//Value Computed by CMake
CMAKE_PROJECT_DESCRIPTION:STATIC=

//Value Computed by CMake
CMAKE_PROJECT_HOMEPAGE_URL:STATIC=

//Value Computed by CMake
CMAKE_PROJECT_NAME:STATIC=DuckDB

//No help, variable specified on the command line.
CUSTOM_LINKER:UNINITIALIZED=

//No help, variable specified on the command line.
DUCKDB_EXPLICIT_PLATFORM:UNINITIALIZED=

//No help, variable specified on the command line.
DUCKDB_EXTENSION_CONFIGS:UNINITIALIZED=/Users/onnimonni/Projects/faiss/duckdb-lancedb/extension_config.cmake

//Value Computed by CMake
DuckDB_BINARY_DIR:STATIC=/Users/onnimonni/Projects/faiss/duckdb-lancedb/build/release

//Value Computed by CMake
DuckDB_IS_TOP_LEVEL:STATIC=ON

//Value Computed by CMake
DuckDB_SOURCE_DIR:STATIC=/Users/onnimonni/Projects/faiss/duckdb-lancedb/duckdb

//No help, variable specified on the command line.
ENABLE_UNITTEST_CPP_TESTS:UNINITIALIZED=FALSE

//No help, variable specified on the command line.
EXTENSION_STATIC_BUILD:UNINITIALIZED=1

//No help, variable specified on the command line.
FORCE_COLORED_OUTPUT:UNINITIALIZED=1

//No help, variable specified on the command line.
OSX_BUILD_ARCH:UNINITIALIZED=

//No help, variable specified on the command line.
OVERRIDE_GIT_DESCRIBE:UNINITIALIZED=

//No help, variable specified on the command line.
UNITTEST_ROOT_DIRECTORY:UNINITIALIZED=/Users/onnimonni/Projects/faiss/duckdb-lancedb/


########################
# INTERNAL cache entries
########################

//This is the directory where this CMakeCache.txt was created
CMAKE_CACHEFILE_DIR:INTERNAL=/Users/onnimonni/Projects/faiss/duckdb-lancedb/build/release
//Major version of cmake used to create the current loaded cache
CMAKE_CACHE_MAJOR_VERSION:INTERNAL=4
//Minor version of cmake used to create the current loaded cache
CMAKE_CACHE_MINOR_VERSION:INTERNAL=1
//Patch version of cmake used to create the current loaded cache
CMAKE_CACHE_PATCH_VERSION:INTERNAL=2
//Path to CMake executable.
CMAKE_COMMAND:INTERNAL=/nix/store/3m9pbzqgkm0zijfjjvksh8glz2r95dvi-cmake-4.1.2/bin/cmake
//Path to cpack program executable.
CMAKE_CPACK_COMMAND:INTERNAL=/nix/store/3m9pbzqgkm0zijfjjvksh8glz2r95dvi-cmake-4.1.2/bin/cpack
//Path to ctest program executable.
CMAKE_CTEST_COMMAND:INTERNAL=/nix/store/3m9pbzqgkm0zijfjjvksh8glz2r95dvi-cmake-4.1.2/bin/ctest
//Name of external makefile project generator.
CMAKE_EXTRA_GENERATOR:INTERNAL=
//Name of generator.
CMAKE_GENERATOR:INTERNAL=Ninja
//Generator instance identifier.
CMAKE_GENERATOR_INSTANCE:INTERNAL=
//Name of generator platform.
CMAKE_GENERATOR_PLATFORM:INTERNAL=
//Name of generator toolset.
CMAKE_GENERATOR_TOOLSET:INTERNAL=
//Source directory with the top level CMakeLists.txt file for this
// project
CMAKE_HOME_DIRECTORY:INTERNAL=/Users/onnimonni/Projects/faiss/duckdb-lancedb/duckdb
//Name of CMakeLists files to read
CMAKE_LIST_FILE_NAME:INTERNAL=CMakeLists.txt
//ADVANCED property for variable: CMAKE_MAKE_PROGRAM
CMAKE_MAKE_PROGRAM-ADVANCED:INTERNAL=1
//number of local generators
CMAKE_NUMBER_OF_MAKEFILES:INTERNAL=1
//Platform information initialized
CMAKE_PLATFORM_INFO_INITIALIZED:INTERNAL=1
//Path to CMake installation.
CMAKE_ROOT:INTERNAL=/nix/store/3m9pbzqgkm0zijfjjvksh8glz2r95dvi-cmake-4.1.2/share/cmake-4.1
//uname command
CMAKE_UNAME:INTERNAL=/usr/bin/uname
//Details about finding Python3
FIND_PACKAGE_MESSAGE_DETAILS_Python3:INTERNAL=[/opt/homebrew/bin/python3.14][found components: Interpreter ][v3.14.2()]
//Compiler reason failure
_Python3_Compiler_REASON_FAILURE:INTERNAL=
//Development reason failure
_Python3_Development_REASON_FAILURE:INTERNAL=
//Path to a program.
_Python3_EXECUTABLE:INTERNAL=/opt/homebrew/bin/python3.14
//Python3 Properties
_Python3_INTERPRETER_PROPERTIES:INTERNAL=Python;3;14;2;64;<none>;cpython-314-darwin.so;abi3;/opt/homebrew/opt/python@3.14/Frameworks/Python.framework/Versions/3.14/lib/python3.14;/opt/homebrew/opt/python@3.14/Frameworks/Python.framework/Versions/3.14/lib/python3.14;/opt/homebrew/lib/python3.14/site-packages;/opt/homebrew/lib/python3.14/site-packages
_Python3_INTERPRETER_SIGNATURE:INTERNAL=3f3c788006e24d1660b37ee0f7590217
//NumPy reason failure
_Python3_NumPy_REASON_FAILURE:INTERNAL=

